<?xml version="1.0" encoding="UTF-8"?>
<!-- Generated by org.testng.reporters.JUnitReportReporter -->
<testsuite hostname="DESKTOP-4DNIM3D" failures="0" tests="1" name="Maven.Parameters" time="32.557" errors="0" timestamp="2023-04-19T19:46:04 IST" skipped="0">
  <testcase classname="Maven.Parameters" name="m1" time="32.557"/>
  <system-out/>
</testsuite> <!-- Maven.Parameters -->
